Using pre-set license
Built from '2022.3/staging' branch; Version is '2022.3.7f1 (b16b3b16c7a0) revision 11627323'; Using compiler version '192829333'; Build Type 'Release'
OS: 'Windows 10  (10.0.19045) 64bit Core' Language: 'en' Physical Memory: 32605 MB
BatchMode: 1, IsHumanControllingUs: 0, StartBugReporterOnCrash: 0, Is64bit: 1, IsPro: 1

COMMAND LINE ARGUMENTS:
C:\Program Files\Unity\Hub\Editor\2022.3.7f1\Editor\Unity.exe
-adb2
-batchMode
-noUpm
-name
AssetImportWorker0
-projectPath
D:/Game Dev/poly-strike/Poly Strikers
-logFile
Logs/AssetImportWorker0.log
-srvPort
54701
Successfully changed project path to: D:/Game Dev/poly-strike/Poly Strikers
D:/Game Dev/poly-strike/Poly Strikers
[UnityMemory] Configuration Parameters - Can be set up in boot.config
    "memorysetup-bucket-allocator-granularity=16"
    "memorysetup-bucket-allocator-bucket-count=8"
    "memorysetup-bucket-allocator-block-size=33554432"
    "memorysetup-bucket-allocator-block-count=8"
    "memorysetup-main-allocator-block-size=16777216"
    "memorysetup-thread-allocator-block-size=16777216"
    "memorysetup-gfx-main-allocator-block-size=16777216"
    "memorysetup-gfx-thread-allocator-block-size=16777216"
    "memorysetup-cache-allocator-block-size=4194304"
    "memorysetup-typetree-allocator-block-size=2097152"
    "memorysetup-profiler-bucket-allocator-granularity=16"
    "memorysetup-profiler-bucket-allocator-bucket-count=8"
    "memorysetup-profiler-bucket-allocator-block-size=33554432"
    "memorysetup-profiler-bucket-allocator-block-count=8"
    "memorysetup-profiler-allocator-block-size=16777216"
    "memorysetup-profiler-editor-allocator-block-size=1048576"
    "memorysetup-temp-allocator-size-main=16777216"
    "memorysetup-job-temp-allocator-block-size=2097152"
    "memorysetup-job-temp-allocator-block-size-background=1048576"
    "memorysetup-job-temp-allocator-reduction-small-platforms=262144"
    "memorysetup-allocator-temp-initial-block-size-main=262144"
    "memorysetup-allocator-temp-initial-block-size-worker=262144"
    "memorysetup-temp-allocator-size-background-worker=32768"
    "memorysetup-temp-allocator-size-job-worker=262144"
    "memorysetup-temp-allocator-size-preload-manager=33554432"
    "memorysetup-temp-allocator-size-nav-mesh-worker=65536"
    "memorysetup-temp-allocator-size-audio-worker=65536"
    "memorysetup-temp-allocator-size-cloud-worker=32768"
    "memorysetup-temp-allocator-size-gi-baking-worker=262144"
    "memorysetup-temp-allocator-size-gfx=262144"
Player connection [16296] Host "[IP] 192.168.0.163 [Port] 0 [Flags] 2 [Guid] 3917255382 [EditorId] 3917255382 [Version] 1048832 [Id] WindowsEditor(7,MAIN-PC-BUTTER) [Debug] 1 [PackageName] WindowsEditor [ProjectName] Editor" joined multi-casting on [225.0.0.222:54997]...

Player connection [16296] Host "[IP] 192.168.0.163 [Port] 0 [Flags] 2 [Guid] 3917255382 [EditorId] 3917255382 [Version] 1048832 [Id] WindowsEditor(7,MAIN-PC-BUTTER) [Debug] 1 [PackageName] WindowsEditor [ProjectName] Editor" joined alternative multi-casting on [225.0.0.222:34997]...

Refreshing native plugins compatible for Editor in 4.69 ms, found 3 plugins.
Preloading 0 native plugins for Editor in 0.00 ms.
Initialize engine version: 2022.3.7f1 (b16b3b16c7a0)
[Subsystems] Discovering subsystems at path C:/Program Files/Unity/Hub/Editor/2022.3.7f1/Editor/Data/Resources/UnitySubsystems
[Subsystems] Discovering subsystems at path D:/Game Dev/poly-strike/Poly Strikers/Assets
GfxDevice: creating device client; threaded=0; jobified=0
Direct3D:
    Version:  Direct3D 11.0 [level 11.1]
    Renderer: NVIDIA GeForce RTX 3060 Ti (ID=0x2489)
    Vendor:   NVIDIA
    VRAM:     8038 MB
    Driver:   31.0.15.3623
Initialize mono
Mono path[0] = 'C:/Program Files/Unity/Hub/Editor/2022.3.7f1/Editor/Data/Managed'
Mono path[1] = 'C:/Program Files/Unity/Hub/Editor/2022.3.7f1/Editor/Data/MonoBleedingEdge/lib/mono/unityjit-win32'
Mono config path = 'C:/Program Files/Unity/Hub/Editor/2022.3.7f1/Editor/Data/MonoBleedingEdge/etc'
Using monoOptions --debugger-agent=transport=dt_socket,embedding=1,server=y,suspend=n,address=127.0.0.1:56380
Begin MonoManager ReloadAssembly
Registering precompiled unity dll's ...
Register platform support module: C:/Program Files/Unity/Hub/Editor/2022.3.7f1/Editor/Data/PlaybackEngines/WindowsStandaloneSupport/UnityEditor.WindowsStandalone.Extensions.dll
Registered in 0.008877 seconds.
- Loaded All Assemblies, in  0.288 seconds
Native extension for WindowsStandalone target not found
Mono: successfully reloaded assembly
- Finished resetting the current domain, in  0.218 seconds
Domain Reload Profiling: 504ms
	BeginReloadAssembly (87ms)
		ExecutionOrderSort (0ms)
		DisableScriptedObjects (0ms)
		BackupInstance (0ms)
		ReleaseScriptingObjects (0ms)
		CreateAndSetChildDomain (1ms)
	RebuildCommonClasses (28ms)
	RebuildNativeTypeToScriptingClass (8ms)
	initialDomainReloadingComplete (52ms)
	LoadAllAssembliesAndSetupDomain (110ms)
		LoadAssemblies (84ms)
		RebuildTransferFunctionScriptingTraits (0ms)
		AnalyzeDomain (108ms)
			TypeCache.Refresh (107ms)
				TypeCache.ScanAssembly (97ms)
			ScanForSourceGeneratedMonoScriptInfo (0ms)
			ResolveRequiredComponents (0ms)
	FinalizeReload (218ms)
		ReleaseScriptCaches (0ms)
		RebuildScriptCaches (0ms)
		SetupLoadedEditorAssemblies (169ms)
			LogAssemblyErrors (0ms)
			InitializePlatformSupportModulesInManaged (10ms)
			SetLoadedEditorAssemblies (6ms)
			RefreshPlugins (0ms)
			BeforeProcessingInitializeOnLoad (2ms)
			ProcessInitializeOnLoadAttributes (107ms)
			ProcessInitializeOnLoadMethodAttributes (45ms)
			AfterProcessingInitializeOnLoad (0ms)
			EditorAssembliesLoaded (0ms)
		ExecutionOrderSort2 (0ms)
		AwakeInstancesAfterBackupRestoration (0ms)
========================================================================
Worker process is ready to serve import requests
Begin MonoManager ReloadAssembly
Symbol file LoadedFromMemory doesn't match image D:\Game Dev\poly-strike\Poly Strikers\Library\PackageCache\com.unity.visualscripting@1.8.0\Editor\VisualScripting.Core\Dependencies\YamlDotNet\Unity.VisualScripting.YamlDotNet.dll
Symbol file LoadedFromMemory doesn't match image D:\Game Dev\poly-strike\Poly Strikers\Library\PackageCache\com.unity.visualscripting@1.8.0\Editor\VisualScripting.Core\Dependencies\DotNetZip\Unity.VisualScripting.IonicZip.dll
- Loaded All Assemblies, in  0.501 seconds
Refreshing native plugins compatible for Editor in 2.00 ms, found 3 plugins.
Native extension for WindowsStandalone target not found
Mono: successfully reloaded assembly
- Finished resetting the current domain, in  0.417 seconds
Domain Reload Profiling: 915ms
	BeginReloadAssembly (126ms)
		ExecutionOrderSort (0ms)
		DisableScriptedObjects (5ms)
		BackupInstance (0ms)
		ReleaseScriptingObjects (0ms)
		CreateAndSetChildDomain (16ms)
	RebuildCommonClasses (27ms)
	RebuildNativeTypeToScriptingClass (8ms)
	initialDomainReloadingComplete (36ms)
	LoadAllAssembliesAndSetupDomain (301ms)
		LoadAssemblies (241ms)
		RebuildTransferFunctionScriptingTraits (0ms)
		AnalyzeDomain (136ms)
			TypeCache.Refresh (122ms)
				TypeCache.ScanAssembly (109ms)
			ScanForSourceGeneratedMonoScriptInfo (11ms)
			ResolveRequiredComponents (3ms)
	FinalizeReload (417ms)
		ReleaseScriptCaches (0ms)
		RebuildScriptCaches (0ms)
		SetupLoadedEditorAssemblies (292ms)
			LogAssemblyErrors (0ms)
			InitializePlatformSupportModulesInManaged (6ms)
			SetLoadedEditorAssemblies (4ms)
			RefreshPlugins (0ms)
			BeforeProcessingInitializeOnLoad (51ms)
			ProcessInitializeOnLoadAttributes (206ms)
			ProcessInitializeOnLoadMethodAttributes (15ms)
			AfterProcessingInitializeOnLoad (10ms)
			EditorAssembliesLoaded (0ms)
		ExecutionOrderSort2 (0ms)
		AwakeInstancesAfterBackupRestoration (8ms)
Launched and connected shader compiler UnityShaderCompiler.exe after 0.04 seconds
Refreshing native plugins compatible for Editor in 1.51 ms, found 3 plugins.
Preloading 0 native plugins for Editor in 0.00 ms.
Unloading 3066 Unused Serialized files (Serialized files now loaded: 0)
Unloading 31 unused Assets / (56.4 KB). Loaded Objects now: 3529.
Memory consumption went from 114.0 MB to 114.0 MB.
Total: 2.223100 ms (FindLiveObjects: 0.219500 ms CreateObjectMapping: 0.097200 ms MarkObjects: 1.823800 ms  DeleteObjects: 0.081500 ms)

AssetImportParameters requested are different than current active one (requested -> active):
  custom:container-demuxer-ogg: 62fdf1f143b41e24485cea50d1cbac27 -> 
  custom:video-decoder-ogg-theora: a1e56fd34408186e4bbccfd4996cb3dc -> 
  custom:framework-win-MediaFoundation: 216162199b28c13a410421893ffa2e32 -> 
  custom:CustomObjectIndexerAttribute: 756ad292c208cfabdd7b50bc23989ffe -> 
  custom:container-demuxer-webm: 4f35f7cbe854078d1ac9338744f61a02 -> 
  custom:container-muxer-webm: aa71ff27fc2769a1b78a27578f13a17b -> 
  custom:video-decoder-webm-vp8: 9c59270c3fd7afecdb556c50c9e8de78 -> 
  custom:SearchIndexIgnoredProperties: e643bd26f0fe6173181afceb89e7c659 -> 
  custom:AudioImporter_EditorPlatform: d09bf68614088b80899f8185d706f6e7 -> 
  custom:video-encoder-webm-vp8: eb34c28f22e8b96e1ab97ce403110664 -> 
  custom:audio-decoder-ogg-vorbis: bf7c407c2cedff20999df2af8eb42d56 -> 
  custom:audio-encoder-webm-vorbis: bf7c407c2cedff20999df2af8eb42d56 -> 
========================================================================
Received Import Request.
  Time since last request: 450.216239 seconds.
  path: Assets/PolygonSamurai
  artifactKey: Guid(7a7e9abb70199f24b9bd7d404687a95a) Importer(815301076,1909f56bfc062723c751e8b465ee728b)
Start importing Assets/PolygonSamurai using Guid(7a7e9abb70199f24b9bd7d404687a95a) Importer(815301076,1909f56bfc062723c751e8b465ee728b)  -> (artifact id: 'ddd33cb1b0377de722fd98711a8df1e0') in 0.002386 seconds
Number of updated asset objects reloaded before import = 0
Number of asset objects unloaded after import = 0
========================================================================
Received Import Request.
  Time since last request: 11.744770 seconds.
  path: Assets/Samurai Objects
  artifactKey: Guid(7a7e9abb70199f24b9bd7d404687a95a) Importer(815301076,1909f56bfc062723c751e8b465ee728b)
Start importing Assets/Samurai Objects using Guid(7a7e9abb70199f24b9bd7d404687a95a) Importer(815301076,1909f56bfc062723c751e8b465ee728b)  -> (artifact id: 'e2e3bc53056b238cd6cc50136833de54') in 0.000430 seconds
Number of updated asset objects reloaded before import = 0
Number of asset objects unloaded after import = 0
========================================================================
Received Import Request.
  Time since last request: 2.550966 seconds.
  path: Assets/Samurai Objects/Scenes
  artifactKey: Guid(b85000855354c024c8aaf085b959a607) Importer(815301076,1909f56bfc062723c751e8b465ee728b)
Start importing Assets/Samurai Objects/Scenes using Guid(b85000855354c024c8aaf085b959a607) Importer(815301076,1909f56bfc062723c751e8b465ee728b)  -> (artifact id: '290dac4f6a76a9d2d144955d2546e152') in 0.000336 seconds
Number of updated asset objects reloaded before import = 0
Number of asset objects unloaded after import = 0
========================================================================
Received Import Request.
  Time since last request: 1.063481 seconds.
  path: Assets/Samurai Objects/Scenes/Demo.unity
  artifactKey: Guid(9a36afe203cf34b4fad518f34185f921) Importer(815301076,1909f56bfc062723c751e8b465ee728b)
Start importing Assets/Samurai Objects/Scenes/Demo.unity using Guid(9a36afe203cf34b4fad518f34185f921) Importer(815301076,1909f56bfc062723c751e8b465ee728b)  -> (artifact id: 'bed48855c2024d7085892d4625f2853b') in 0.000368 seconds
Number of updated asset objects reloaded before import = 0
Number of asset objects unloaded after import = 0
========================================================================
Received Import Request.
  Time since last request: 42.073620 seconds.
  path: Assets/New Folder
  artifactKey: Guid(2dc364ad50051f943ab69366e52fccb9) Importer(815301076,1909f56bfc062723c751e8b465ee728b)
Start importing Assets/New Folder using Guid(2dc364ad50051f943ab69366e52fccb9) Importer(815301076,1909f56bfc062723c751e8b465ee728b)  -> (artifact id: 'cc2c4db8738047638213986d07438117') in 0.000440 seconds
Number of updated asset objects reloaded before import = 0
Number of asset objects unloaded after import = 0
========================================================================
Received Prepare
Begin MonoManager ReloadAssembly
Symbol file LoadedFromMemory doesn't match image D:\Game Dev\poly-strike\Poly Strikers\Library\PackageCache\com.unity.visualscripting@1.8.0\Editor\VisualScripting.Core\Dependencies\YamlDotNet\Unity.VisualScripting.YamlDotNet.dll
Symbol file LoadedFromMemory doesn't match image D:\Game Dev\poly-strike\Poly Strikers\Library\PackageCache\com.unity.visualscripting@1.8.0\Editor\VisualScripting.Core\Dependencies\DotNetZip\Unity.VisualScripting.IonicZip.dll
- Loaded All Assemblies, in  0.346 seconds
Refreshing native plugins compatible for Editor in 1.71 ms, found 3 plugins.
Native extension for WindowsStandalone target not found
Mono: successfully reloaded assembly
- Finished resetting the current domain, in  0.634 seconds
Domain Reload Profiling: 980ms
	BeginReloadAssembly (128ms)
		ExecutionOrderSort (0ms)
		DisableScriptedObjects (5ms)
		BackupInstance (0ms)
		ReleaseScriptingObjects (0ms)
		CreateAndSetChildDomain (24ms)
	RebuildCommonClasses (27ms)
	RebuildNativeTypeToScriptingClass (8ms)
	initialDomainReloadingComplete (26ms)
	LoadAllAssembliesAndSetupDomain (154ms)
		LoadAssemblies (217ms)
		RebuildTransferFunctionScriptingTraits (0ms)
		AnalyzeDomain (9ms)
			TypeCache.Refresh (4ms)
				TypeCache.ScanAssembly (0ms)
			ScanForSourceGeneratedMonoScriptInfo (0ms)
			ResolveRequiredComponents (3ms)
	FinalizeReload (636ms)
		ReleaseScriptCaches (0ms)
		RebuildScriptCaches (0ms)
		SetupLoadedEditorAssemblies (275ms)
			LogAssemblyErrors (0ms)
			InitializePlatformSupportModulesInManaged (6ms)
			SetLoadedEditorAssemblies (4ms)
			RefreshPlugins (0ms)
			BeforeProcessingInitializeOnLoad (47ms)
			ProcessInitializeOnLoadAttributes (191ms)
			ProcessInitializeOnLoadMethodAttributes (18ms)
			AfterProcessingInitializeOnLoad (10ms)
			EditorAssembliesLoaded (0ms)
		ExecutionOrderSort2 (0ms)
		AwakeInstancesAfterBackupRestoration (7ms)
Refreshing native plugins compatible for Editor in 1.68 ms, found 3 plugins.
Preloading 0 native plugins for Editor in 0.00 ms.
Unloading 3058 Unused Serialized files (Serialized files now loaded: 0)
Unloading 22 unused Assets / (30.5 KB). Loaded Objects now: 3532.
Memory consumption went from 112.9 MB to 112.8 MB.
Total: 2.124000 ms (FindLiveObjects: 0.194300 ms CreateObjectMapping: 0.109000 ms MarkObjects: 1.784100 ms  DeleteObjects: 0.035900 ms)

Prepare: number of updated asset objects reloaded= 0
AssetImportParameters requested are different than current active one (requested -> active):
  custom:container-demuxer-ogg: 62fdf1f143b41e24485cea50d1cbac27 -> 
  custom:video-decoder-ogg-theora: a1e56fd34408186e4bbccfd4996cb3dc -> 
  custom:framework-win-MediaFoundation: 216162199b28c13a410421893ffa2e32 -> 
  custom:CustomObjectIndexerAttribute: 756ad292c208cfabdd7b50bc23989ffe -> 
  custom:container-demuxer-webm: 4f35f7cbe854078d1ac9338744f61a02 -> 
  custom:container-muxer-webm: aa71ff27fc2769a1b78a27578f13a17b -> 
  custom:video-decoder-webm-vp8: 9c59270c3fd7afecdb556c50c9e8de78 -> 
  custom:SearchIndexIgnoredProperties: e643bd26f0fe6173181afceb89e7c659 -> 
  custom:AudioImporter_EditorPlatform: d09bf68614088b80899f8185d706f6e7 -> 
  custom:video-encoder-webm-vp8: eb34c28f22e8b96e1ab97ce403110664 -> 
  custom:audio-decoder-ogg-vorbis: bf7c407c2cedff20999df2af8eb42d56 -> 
  custom:audio-encoder-webm-vorbis: bf7c407c2cedff20999df2af8eb42d56 -> 
========================================================================
Received Import Request.
  Time since last request: 49.894011 seconds.
  path: Assets/Scenes
  artifactKey: Guid(0f266bd464a85714cb6738229326c79c) Importer(815301076,1909f56bfc062723c751e8b465ee728b)
Start importing Assets/Scenes using Guid(0f266bd464a85714cb6738229326c79c) Importer(815301076,1909f56bfc062723c751e8b465ee728b)  -> (artifact id: 'bbd3be1c7b0b11de985599bfcb313b17') in 0.001466 seconds
Number of updated asset objects reloaded before import = 0
Number of asset objects unloaded after import = 0
========================================================================
Received Import Request.
  Time since last request: 52.768974 seconds.
  path: Assets/PolygonSciFiCity
  artifactKey: Guid(ba10ae76bede75a48819a8ec4e53635b) Importer(815301076,1909f56bfc062723c751e8b465ee728b)
Start importing Assets/PolygonSciFiCity using Guid(ba10ae76bede75a48819a8ec4e53635b) Importer(815301076,1909f56bfc062723c751e8b465ee728b)  -> (artifact id: '94d6ba8b4388f6d1dfd2f46385d5ed8e') in 0.000530 seconds
Number of updated asset objects reloaded before import = 0
Number of asset objects unloaded after import = 0
========================================================================
Received Import Request.
  Time since last request: 7.394418 seconds.
  path: Assets/CyberPunk Objects
  artifactKey: Guid(ba10ae76bede75a48819a8ec4e53635b) Importer(815301076,1909f56bfc062723c751e8b465ee728b)
Start importing Assets/CyberPunk Objects using Guid(ba10ae76bede75a48819a8ec4e53635b) Importer(815301076,1909f56bfc062723c751e8b465ee728b)  -> (artifact id: '2698ddedfa9a5166464cf2b62af7fdac') in 0.000402 seconds
Number of updated asset objects reloaded before import = 0
Number of asset objects unloaded after import = 0
========================================================================
Received Import Request.
  Time since last request: 10.161173 seconds.
  path: Assets/Overall Objects
  artifactKey: Guid(298aff6a8a9805d41a43e6c4fc217c56) Importer(815301076,1909f56bfc062723c751e8b465ee728b)
Start importing Assets/Overall Objects using Guid(298aff6a8a9805d41a43e6c4fc217c56) Importer(815301076,1909f56bfc062723c751e8b465ee728b)  -> (artifact id: 'f84c0da66569020d26dcfd24ed2ec030') in 0.000363 seconds
Number of updated asset objects reloaded before import = 0
Number of asset objects unloaded after import = 0
========================================================================
Received Import Request.
  Time since last request: 10.886104 seconds.
  path: Assets/Objects
  artifactKey: Guid(298aff6a8a9805d41a43e6c4fc217c56) Importer(815301076,1909f56bfc062723c751e8b465ee728b)
Start importing Assets/Objects using Guid(298aff6a8a9805d41a43e6c4fc217c56) Importer(815301076,1909f56bfc062723c751e8b465ee728b)  -> (artifact id: 'bbc4d25652245b28c3aa236af72a290a') in 0.000372 seconds
Number of updated asset objects reloaded before import = 0
Number of asset objects unloaded after import = 0
========================================================================
Received Import Request.
  Time since last request: 5.282026 seconds.
  path: Assets/Objects/Samurai Objects/Scenes/Layout.unity
  artifactKey: Guid(891a207604157c9468da73423f96762e) Importer(815301076,1909f56bfc062723c751e8b465ee728b)
Start importing Assets/Objects/Samurai Objects/Scenes/Layout.unity using Guid(891a207604157c9468da73423f96762e) Importer(815301076,1909f56bfc062723c751e8b465ee728b)  -> (artifact id: '762f588acf5e71cfd5a09b4e6868a765') in 0.000380 seconds
Number of updated asset objects reloaded before import = 0
Number of asset objects unloaded after import = 0
========================================================================
Received Import Request.
  Time since last request: 16.309811 seconds.
  path: Assets/Objects/Samurai Objects/Scenes/Samurai.unity
  artifactKey: Guid(9a36afe203cf34b4fad518f34185f921) Importer(815301076,1909f56bfc062723c751e8b465ee728b)
Start importing Assets/Objects/Samurai Objects/Scenes/Samurai.unity using Guid(9a36afe203cf34b4fad518f34185f921) Importer(815301076,1909f56bfc062723c751e8b465ee728b)  -> (artifact id: 'ebb6f53623f834dbb42fa7d9f835a15c') in 0.000398 seconds
Number of updated asset objects reloaded before import = 0
Number of asset objects unloaded after import = 0
========================================================================
Received Import Request.
  Time since last request: 7.109698 seconds.
  path: Assets/Objects/Samurai Objects/Scenes/Samurai Layout.unity
  artifactKey: Guid(891a207604157c9468da73423f96762e) Importer(815301076,1909f56bfc062723c751e8b465ee728b)
Start importing Assets/Objects/Samurai Objects/Scenes/Samurai Layout.unity using Guid(891a207604157c9468da73423f96762e) Importer(815301076,1909f56bfc062723c751e8b465ee728b)  -> (artifact id: 'a73187d378ce977d23371116a0d7b6a8') in 0.000365 seconds
Number of updated asset objects reloaded before import = 0
Number of asset objects unloaded after import = 0
========================================================================
Received Import Request.
  Time since last request: 6.027016 seconds.
  path: Assets/Objects/Samurai Objects/Prefabs
  artifactKey: Guid(728234996955bca42b7852b3834742d3) Importer(815301076,1909f56bfc062723c751e8b465ee728b)
Start importing Assets/Objects/Samurai Objects/Prefabs using Guid(728234996955bca42b7852b3834742d3) Importer(815301076,1909f56bfc062723c751e8b465ee728b)  -> (artifact id: 'cc1446f766d13884831c9138f7d12f51') in 0.000340 seconds
Number of updated asset objects reloaded before import = 0
Number of asset objects unloaded after import = 0
========================================================================
Received Import Request.
  Time since last request: 6.308224 seconds.
  path: Assets/Objects/CyberPunk Objects/Scenes
  artifactKey: Guid(b4a435e18557a4b4bb8de1fe098afa25) Importer(815301076,1909f56bfc062723c751e8b465ee728b)
Start importing Assets/Objects/CyberPunk Objects/Scenes using Guid(b4a435e18557a4b4bb8de1fe098afa25) Importer(815301076,1909f56bfc062723c751e8b465ee728b)  -> (artifact id: '71d1755399793db0eb9b615c82b5a681') in 0.000377 seconds
Number of updated asset objects reloaded before import = 0
Number of asset objects unloaded after import = 0
========================================================================
Received Import Request.
  Time since last request: 3.600094 seconds.
  path: Assets/Objects/CyberPunk Objects/Scenes/Demo.unity
  artifactKey: Guid(f3b9e9dadf5931045b77452c62c3cdbc) Importer(815301076,1909f56bfc062723c751e8b465ee728b)
Start importing Assets/Objects/CyberPunk Objects/Scenes/Demo.unity using Guid(f3b9e9dadf5931045b77452c62c3cdbc) Importer(815301076,1909f56bfc062723c751e8b465ee728b)  -> (artifact id: 'd7498549cada48838d9bbf2d0969ea8d') in 0.000338 seconds
Number of updated asset objects reloaded before import = 0
Number of asset objects unloaded after import = 0
========================================================================
Received Import Request.
  Time since last request: 5.689609 seconds.
  path: Assets/Objects/CyberPunk Objects/Scenes/Demo_TriplanarDirt.unity
  artifactKey: Guid(6149b716e09fa8a49b1c0da3907634db) Importer(815301076,1909f56bfc062723c751e8b465ee728b)
Start importing Assets/Objects/CyberPunk Objects/Scenes/Demo_TriplanarDirt.unity using Guid(6149b716e09fa8a49b1c0da3907634db) Importer(815301076,1909f56bfc062723c751e8b465ee728b)  -> (artifact id: 'b4d678a2cff160699d9855a67cce2cac') in 0.000334 seconds
Number of updated asset objects reloaded before import = 0
Number of asset objects unloaded after import = 0
========================================================================
Received Import Request.
  Time since last request: 42.181191 seconds.
  path: Assets/Objects/CyberPunk Objects/Scenes/Cyber Punk.unity
  artifactKey: Guid(f3b9e9dadf5931045b77452c62c3cdbc) Importer(815301076,1909f56bfc062723c751e8b465ee728b)
Start importing Assets/Objects/CyberPunk Objects/Scenes/Cyber Punk.unity using Guid(f3b9e9dadf5931045b77452c62c3cdbc) Importer(815301076,1909f56bfc062723c751e8b465ee728b)  -> (artifact id: '5b6ad66960b19aff0a03aa70b291c53b') in 0.000369 seconds
Number of updated asset objects reloaded before import = 0
Number of asset objects unloaded after import = 0
========================================================================
Received Import Request.
  Time since last request: 8.091210 seconds.
  path: Assets/Objects/CyberPunk Objects/Prefabs
  artifactKey: Guid(8b5775697679b364886cc9b765cbadd4) Importer(815301076,1909f56bfc062723c751e8b465ee728b)
Start importing Assets/Objects/CyberPunk Objects/Prefabs using Guid(8b5775697679b364886cc9b765cbadd4) Importer(815301076,1909f56bfc062723c751e8b465ee728b)  -> (artifact id: 'f00256097a3411855b28149f0a3b9138') in 0.000385 seconds
Number of updated asset objects reloaded before import = 0
Number of asset objects unloaded after import = 0
========================================================================
Received Import Request.
  Time since last request: 2.830401 seconds.
  path: Assets/Objects/CyberPunk Objects/Models
  artifactKey: Guid(4e5f720a89c5eb74286853f27be138e0) Importer(815301076,1909f56bfc062723c751e8b465ee728b)
Start importing Assets/Objects/CyberPunk Objects/Models using Guid(4e5f720a89c5eb74286853f27be138e0) Importer(815301076,1909f56bfc062723c751e8b465ee728b)  -> (artifact id: '2d648b695f258980b2aac92400491247') in 0.000378 seconds
Number of updated asset objects reloaded before import = 0
Number of asset objects unloaded after import = 0
========================================================================
Received Import Request.
  Time since last request: 0.100284 seconds.
  path: Assets/Objects/CyberPunk Objects/Models/Characters.fbx
  artifactKey: Guid(f13349cc09b03d447a26b54d406aaa8e) Importer(815301076,1909f56bfc062723c751e8b465ee728b)
Start importing Assets/Objects/CyberPunk Objects/Models/Characters.fbx using Guid(f13349cc09b03d447a26b54d406aaa8e) Importer(815301076,1909f56bfc062723c751e8b465ee728b)  -> (artifact id: '9b1b44823477f0ec6ebde4305f30770c') in 0.561262 seconds
Number of updated asset objects reloaded before import = 0
Number of asset objects unloaded after import = 184
========================================================================
Received Import Request.
  Time since last request: 0.000029 seconds.
  path: Assets/Objects/CyberPunk Objects/Models/SM_Bld_Section_Wall_04.fbx
  artifactKey: Guid(9e0684fc2c07e824a9184e07a7fc4f02) Importer(815301076,1909f56bfc062723c751e8b465ee728b)
Start importing Assets/Objects/CyberPunk Objects/Models/SM_Bld_Section_Wall_04.fbx using Guid(9e0684fc2c07e824a9184e07a7fc4f02) Importer(815301076,1909f56bfc062723c751e8b465ee728b)  -> (artifact id: '1df9231307cf108f6d2df96d580b1612') in 0.016741 seconds
Number of updated asset objects reloaded before import = 0
Number of asset objects unloaded after import = 7
========================================================================
Received Import Request.
  Time since last request: 0.000026 seconds.
  path: Assets/Objects/CyberPunk Objects/Models/SM_Bld_Chopshop_Interior_01.fbx
  artifactKey: Guid(8fe65d9e495a80b4d88592b87e05d349) Importer(815301076,1909f56bfc062723c751e8b465ee728b)
Start importing Assets/Objects/CyberPunk Objects/Models/SM_Bld_Chopshop_Interior_01.fbx using Guid(8fe65d9e495a80b4d88592b87e05d349) Importer(815301076,1909f56bfc062723c751e8b465ee728b)  -> (artifact id: '4c05405791ce68c0e3c1aa797bc20e02') in 0.013315 seconds
Number of updated asset objects reloaded before import = 0
Number of asset objects unloaded after import = 7
========================================================================
Received Import Request.
  Time since last request: 0.000018 seconds.
  path: Assets/Objects/CyberPunk Objects/Models/SM_Bld_Background_Med_08.fbx
  artifactKey: Guid(65b416d2f788a7f41874814b201f672e) Importer(815301076,1909f56bfc062723c751e8b465ee728b)
Start importing Assets/Objects/CyberPunk Objects/Models/SM_Bld_Background_Med_08.fbx using Guid(65b416d2f788a7f41874814b201f672e) Importer(815301076,1909f56bfc062723c751e8b465ee728b)  -> (artifact id: 'bb3c2b9d0a9f3a36668781dda47ea0a9') in 0.016052 seconds
Number of updated asset objects reloaded before import = 0
Number of asset objects unloaded after import = 7
========================================================================
Received Import Request.
  Time since last request: 0.000020 seconds.
  path: Assets/Objects/CyberPunk Objects/Models/SM_Bld_Background_Small_04.fbx
  artifactKey: Guid(26cc25c9b31e3a54aa2d061cf6dad016) Importer(815301076,1909f56bfc062723c751e8b465ee728b)
Start importing Assets/Objects/CyberPunk Objects/Models/SM_Bld_Background_Small_04.fbx using Guid(26cc25c9b31e3a54aa2d061cf6dad016) Importer(815301076,1909f56bfc062723c751e8b465ee728b)  -> (artifact id: '69b1b2b2ca36504046a2794414805a92') in 0.014032 seconds
Number of updated asset objects reloaded before import = 0
Number of asset objects unloaded after import = 7
========================================================================
Received Import Request.
  Time since last request: 0.000015 seconds.
  path: Assets/Objects/CyberPunk Objects/Models/SM_Bld_Section_Corner_03.fbx
  artifactKey: Guid(e206ee4f297612245a529d05d662e144) Importer(815301076,1909f56bfc062723c751e8b465ee728b)
Start importing Assets/Objects/CyberPunk Objects/Models/SM_Bld_Section_Corner_03.fbx using Guid(e206ee4f297612245a529d05d662e144) Importer(815301076,1909f56bfc062723c751e8b465ee728b)  -> (artifact id: '9649f2f7786caf9f57e4eef6bb330122') in 0.015202 seconds
Number of updated asset objects reloaded before import = 0
Number of asset objects unloaded after import = 7
========================================================================
Received Import Request.
  Time since last request: 0.000013 seconds.
  path: Assets/Objects/CyberPunk Objects/Models/SM_Bld_Background_Med_07.fbx
  artifactKey: Guid(b4d4f509ed2eb0b4ca970429c5601dca) Importer(815301076,1909f56bfc062723c751e8b465ee728b)
Start importing Assets/Objects/CyberPunk Objects/Models/SM_Bld_Background_Med_07.fbx using Guid(b4d4f509ed2eb0b4ca970429c5601dca) Importer(815301076,1909f56bfc062723c751e8b465ee728b)  -> (artifact id: '90a5bf4268a60c5aca9f2d9a2a3c4023') in 0.016206 seconds
Number of updated asset objects reloaded before import = 0
Number of asset objects unloaded after import = 7
========================================================================
Received Import Request.
  Time since last request: 0.000020 seconds.
  path: Assets/Objects/CyberPunk Objects/Models/SM_Bld_Background_Med_01.fbx
  artifactKey: Guid(8d5d199aa0236934aa5e57624389046e) Importer(815301076,1909f56bfc062723c751e8b465ee728b)
Start importing Assets/Objects/CyberPunk Objects/Models/SM_Bld_Background_Med_01.fbx using Guid(8d5d199aa0236934aa5e57624389046e) Importer(815301076,1909f56bfc062723c751e8b465ee728b)  -> (artifact id: 'c0d7cf68af6890fd75d209ca17f3dbd7') in 0.014819 seconds
Number of updated asset objects reloaded before import = 0
Number of asset objects unloaded after import = 7
========================================================================
Received Import Request.
  Time since last request: 0.000021 seconds.
  path: Assets/Objects/CyberPunk Objects/Models/SM_Bld_Background_Med_09.fbx
  artifactKey: Guid(6612c6825b7267347baa088e566e44a3) Importer(815301076,1909f56bfc062723c751e8b465ee728b)
Start importing Assets/Objects/CyberPunk Objects/Models/SM_Bld_Background_Med_09.fbx using Guid(6612c6825b7267347baa088e566e44a3) Importer(815301076,1909f56bfc062723c751e8b465ee728b)  -> (artifact id: '0c3ad3deceb1b16b86a5657f00d2f6e7') in 0.016765 seconds
Number of updated asset objects reloaded before import = 0
Number of asset objects unloaded after import = 7
========================================================================
Received Import Request.
  Time since last request: 0.000019 seconds.
  path: Assets/Objects/CyberPunk Objects/Models/SM_Bld_Section_Door_07.fbx
  artifactKey: Guid(d131faf156439f04b961d7156a95bbd0) Importer(815301076,1909f56bfc062723c751e8b465ee728b)
Start importing Assets/Objects/CyberPunk Objects/Models/SM_Bld_Section_Door_07.fbx using Guid(d131faf156439f04b961d7156a95bbd0) Importer(815301076,1909f56bfc062723c751e8b465ee728b)  -> (artifact id: '8b4243ad7779ce1950094fde118e8319') in 0.031139 seconds
Number of updated asset objects reloaded before import = 0
Number of asset objects unloaded after import = 19
========================================================================
Received Import Request.
  Time since last request: 0.000026 seconds.
  path: Assets/Objects/CyberPunk Objects/Models/SM_Bld_Large_Part_08.fbx
  artifactKey: Guid(15ecd67545ff5f645bd31ccaee1d533c) Importer(815301076,1909f56bfc062723c751e8b465ee728b)
Start importing Assets/Objects/CyberPunk Objects/Models/SM_Bld_Large_Part_08.fbx using Guid(15ecd67545ff5f645bd31ccaee1d533c) Importer(815301076,1909f56bfc062723c751e8b465ee728b)  -> (artifact id: 'a99de1f7ed1dc8f6e8b4152a7daf4767') in 0.013798 seconds
Number of updated asset objects reloaded before import = 0
Number of asset objects unloaded after import = 7
========================================================================
Received Import Request.
  Time since last request: 0.000022 seconds.
  path: Assets/Objects/CyberPunk Objects/Models/SM_Bld_Industrial_01.fbx
  artifactKey: Guid(9b40fbe3d4d348f428ac506a1ae07f72) Importer(815301076,1909f56bfc062723c751e8b465ee728b)
Start importing Assets/Objects/CyberPunk Objects/Models/SM_Bld_Industrial_01.fbx using Guid(9b40fbe3d4d348f428ac506a1ae07f72) Importer(815301076,1909f56bfc062723c751e8b465ee728b)  -> (artifact id: 'baa9594e9f3b9de6106d6a1c5df27072') in 0.012932 seconds
Number of updated asset objects reloaded before import = 0
Number of asset objects unloaded after import = 7
========================================================================
Received Import Request.
  Time since last request: 0.000016 seconds.
  path: Assets/Objects/CyberPunk Objects/Models/SM_Bld_Roof_Pagoda_02.fbx
  artifactKey: Guid(a60ccd626f67fa54fb345c17d810e0ef) Importer(815301076,1909f56bfc062723c751e8b465ee728b)
Start importing Assets/Objects/CyberPunk Objects/Models/SM_Bld_Roof_Pagoda_02.fbx using Guid(a60ccd626f67fa54fb345c17d810e0ef) Importer(815301076,1909f56bfc062723c751e8b465ee728b)  -> (artifact id: 'b23407154d8e0541de9979ded0db5a85') in 0.012493 seconds
Number of updated asset objects reloaded before import = 0
Number of asset objects unloaded after import = 7
========================================================================
Received Import Request.
  Time since last request: 0.000019 seconds.
  path: Assets/Objects/CyberPunk Objects/Models/SM_Bld_Raised_01.fbx
  artifactKey: Guid(dacd08462a488fa42ae2d74ca4c42f07) Importer(815301076,1909f56bfc062723c751e8b465ee728b)
Start importing Assets/Objects/CyberPunk Objects/Models/SM_Bld_Raised_01.fbx using Guid(dacd08462a488fa42ae2d74ca4c42f07) Importer(815301076,1909f56bfc062723c751e8b465ee728b)  -> (artifact id: '9fb839ecf5d295a2c34590cc85ffd961') in 0.014104 seconds
Number of updated asset objects reloaded before import = 0
Number of asset objects unloaded after import = 7
========================================================================
Received Import Request.
  Time since last request: 0.000015 seconds.
  path: Assets/Objects/CyberPunk Objects/Models/SM_Bld_Large_Part_01.fbx
  artifactKey: Guid(f2c9f0b912a01084aa17b2a2b6e8a334) Importer(815301076,1909f56bfc062723c751e8b465ee728b)
Start importing Assets/Objects/CyberPunk Objects/Models/SM_Bld_Large_Part_01.fbx using Guid(f2c9f0b912a01084aa17b2a2b6e8a334) Importer(815301076,1909f56bfc062723c751e8b465ee728b)  -> (artifact id: 'd2ab72534a4d56a666737a96e35ff993') in 0.014513 seconds
Number of updated asset objects reloaded before import = 0
Number of asset objects unloaded after import = 7
========================================================================
Received Import Request.
  Time since last request: 0.000017 seconds.
  path: Assets/Objects/CyberPunk Objects/Models/SM_Bld_Power_01.fbx
  artifactKey: Guid(29144ad1b41473c458cf9ea326fbe7a1) Importer(815301076,1909f56bfc062723c751e8b465ee728b)
Start importing Assets/Objects/CyberPunk Objects/Models/SM_Bld_Power_01.fbx using Guid(29144ad1b41473c458cf9ea326fbe7a1) Importer(815301076,1909f56bfc062723c751e8b465ee728b)  -> (artifact id: '080b0273cc91f1ea181901c2900d5a14') in 0.013852 seconds
Number of updated asset objects reloaded before import = 0
Number of asset objects unloaded after import = 7
========================================================================
Received Import Request.
  Time since last request: 0.000023 seconds.
  path: Assets/Objects/CyberPunk Objects/Models/SM_Bld_Section_Corner_01.fbx
  artifactKey: Guid(4bab9623700f26d42b1cff6f6aa0b74e) Importer(815301076,1909f56bfc062723c751e8b465ee728b)
Start importing Assets/Objects/CyberPunk Objects/Models/SM_Bld_Section_Corner_01.fbx using Guid(4bab9623700f26d42b1cff6f6aa0b74e) Importer(815301076,1909f56bfc062723c751e8b465ee728b)  -> (artifact id: '4e4862f50794bfcc631df0d2df1c7f03') in 0.018825 seconds
Number of updated asset objects reloaded before import = 0
Number of asset objects unloaded after import = 14
========================================================================
Received Import Request.
  Time since last request: 0.000021 seconds.
  path: Assets/Objects/CyberPunk Objects/Models/SM_Bld_Section_Industrial_01.fbx
  artifactKey: Guid(17ec786cb0156bf419d47c6495fabff7) Importer(815301076,1909f56bfc062723c751e8b465ee728b)
Start importing Assets/Objects/CyberPunk Objects/Models/SM_Bld_Section_Industrial_01.fbx using Guid(17ec786cb0156bf419d47c6495fabff7) Importer(815301076,1909f56bfc062723c751e8b465ee728b)  -> (artifact id: '2bb1693ef6a8e82b31b8bea006f885ed') in 0.016684 seconds
Number of updated asset objects reloaded before import = 0
Number of asset objects unloaded after import = 7
========================================================================
Received Import Request.
  Time since last request: 0.000020 seconds.
  path: Assets/Objects/CyberPunk Objects/Models/SM_Bld_Background_Small_03.fbx
  artifactKey: Guid(af3fa87f8ec788c479f2a1dc537e1df6) Importer(815301076,1909f56bfc062723c751e8b465ee728b)
Start importing Assets/Objects/CyberPunk Objects/Models/SM_Bld_Background_Small_03.fbx using Guid(af3fa87f8ec788c479f2a1dc537e1df6) Importer(815301076,1909f56bfc062723c751e8b465ee728b)  -> (artifact id: '28522729c49635200d41aa67f4d5cfef') in 0.015317 seconds
Number of updated asset objects reloaded before import = 0
Number of asset objects unloaded after import = 7
========================================================================
Received Import Request.
  Time since last request: 0.000021 seconds.
  path: Assets/Objects/CyberPunk Objects/Models/SM_Bld_Section_Door_01.fbx
  artifactKey: Guid(c33712bf777b1c1468d589ad9e6dd0e8) Importer(815301076,1909f56bfc062723c751e8b465ee728b)
Start importing Assets/Objects/CyberPunk Objects/Models/SM_Bld_Section_Door_01.fbx using Guid(c33712bf777b1c1468d589ad9e6dd0e8) Importer(815301076,1909f56bfc062723c751e8b465ee728b)  -> (artifact id: '78321ceb92e4f28d2831e8cfa03ec517') in 0.014573 seconds
Number of updated asset objects reloaded before import = 0
Number of asset objects unloaded after import = 7
========================================================================
Received Import Request.
  Time since last request: 0.000017 seconds.
  path: Assets/Objects/CyberPunk Objects/Models/SM_Bld_Background_Med_02.fbx
  artifactKey: Guid(1ff456e6e2a4ea64eaaf7f4e3ff8bef8) Importer(815301076,1909f56bfc062723c751e8b465ee728b)
Start importing Assets/Objects/CyberPunk Objects/Models/SM_Bld_Background_Med_02.fbx using Guid(1ff456e6e2a4ea64eaaf7f4e3ff8bef8) Importer(815301076,1909f56bfc062723c751e8b465ee728b)  -> (artifact id: '1bcb9b7a4b0c11d2bf2c81897c0c7d5c') in 0.013484 seconds
Number of updated asset objects reloaded before import = 0
Number of asset objects unloaded after import = 7
========================================================================
Received Import Request.
  Time since last request: 0.000017 seconds.
  path: Assets/Objects/CyberPunk Objects/Models/SM_Bld_Background_Med_06.fbx
  artifactKey: Guid(7b68cd54141c78340a9bad375e2c9556) Importer(815301076,1909f56bfc062723c751e8b465ee728b)
Start importing Assets/Objects/CyberPunk Objects/Models/SM_Bld_Background_Med_06.fbx using Guid(7b68cd54141c78340a9bad375e2c9556) Importer(815301076,1909f56bfc062723c751e8b465ee728b)  -> (artifact id: 'de3a2d72e965c266420a8fb9db283c5d') in 0.012640 seconds
Number of updated asset objects reloaded before import = 0
Number of asset objects unloaded after import = 7
========================================================================
Received Import Request.
  Time since last request: 0.000021 seconds.
  path: Assets/Objects/CyberPunk Objects/Models/SM_Bld_Power_04.fbx
  artifactKey: Guid(4ea13d3a09587b848acfaebd8ae82e59) Importer(815301076,1909f56bfc062723c751e8b465ee728b)
Start importing Assets/Objects/CyberPunk Objects/Models/SM_Bld_Power_04.fbx using Guid(4ea13d3a09587b848acfaebd8ae82e59) Importer(815301076,1909f56bfc062723c751e8b465ee728b)  -> (artifact id: '733fdbc1fa779da5752453945446b230') in 0.013456 seconds
Number of updated asset objects reloaded before import = 0
Number of asset objects unloaded after import = 7
========================================================================
Received Import Request.
  Time since last request: 0.000017 seconds.
  path: Assets/Objects/CyberPunk Objects/Models/SM_Bld_Industrial_02.fbx
  artifactKey: Guid(f497c5c69623e84468341fe3328adaa7) Importer(815301076,1909f56bfc062723c751e8b465ee728b)
Start importing Assets/Objects/CyberPunk Objects/Models/SM_Bld_Industrial_02.fbx using Guid(f497c5c69623e84468341fe3328adaa7) Importer(815301076,1909f56bfc062723c751e8b465ee728b)  -> (artifact id: '3934d8dca046d7a7f4a0cf0da8596cb2') in 0.014151 seconds
Number of updated asset objects reloaded before import = 0
Number of asset objects unloaded after import = 7
========================================================================
Received Import Request.
  Time since last request: 0.000023 seconds.
  path: Assets/Objects/CyberPunk Objects/Models/SM_Bld_Section_Wall_02.fbx
  artifactKey: Guid(902704bd5c9f81747ad4ed1dd8ab8855) Importer(815301076,1909f56bfc062723c751e8b465ee728b)
Start importing Assets/Objects/CyberPunk Objects/Models/SM_Bld_Section_Wall_02.fbx using Guid(902704bd5c9f81747ad4ed1dd8ab8855) Importer(815301076,1909f56bfc062723c751e8b465ee728b)  -> (artifact id: '6be1661cd098da1d9780011cb785f298') in 0.016670 seconds
Number of updated asset objects reloaded before import = 0
Number of asset objects unloaded after import = 7
========================================================================
Received Import Request.
  Time since last request: 0.000021 seconds.
  path: Assets/Objects/CyberPunk Objects/Models/SM_Bld_Chopshop_01.fbx
  artifactKey: Guid(51d72d84376ab3b4daa1114c3524fa30) Importer(815301076,1909f56bfc062723c751e8b465ee728b)
Start importing Assets/Objects/CyberPunk Objects/Models/SM_Bld_Chopshop_01.fbx using Guid(51d72d84376ab3b4daa1114c3524fa30) Importer(815301076,1909f56bfc062723c751e8b465ee728b)  -> (artifact id: 'ef28982b54e3cb1daa0883d9b53c78b3') in 0.017898 seconds
Number of updated asset objects reloaded before import = 0
Number of asset objects unloaded after import = 7
========================================================================
Received Import Request.
  Time since last request: 0.000022 seconds.
  path: Assets/Objects/CyberPunk Objects/Models/SM_Bld_Background_Lrg_02.fbx
  artifactKey: Guid(6477948f1578f7349a20b76eb8e638f6) Importer(815301076,1909f56bfc062723c751e8b465ee728b)
Start importing Assets/Objects/CyberPunk Objects/Models/SM_Bld_Background_Lrg_02.fbx using Guid(6477948f1578f7349a20b76eb8e638f6) Importer(815301076,1909f56bfc062723c751e8b465ee728b)  -> (artifact id: 'd8a6721bb0e7127b1c7a609cb8494de9') in 0.009890 seconds
Number of updated asset objects reloaded before import = 0
Number of asset objects unloaded after import = 7
========================================================================
Received Import Request.
  Time since last request: 0.000015 seconds.
  path: Assets/Objects/CyberPunk Objects/Models/SM_Bld_Background_Med_05.fbx
  artifactKey: Guid(9bda923bb20d8064f90b21e2208d8656) Importer(815301076,1909f56bfc062723c751e8b465ee728b)
Start importing Assets/Objects/CyberPunk Objects/Models/SM_Bld_Background_Med_05.fbx using Guid(9bda923bb20d8064f90b21e2208d8656) Importer(815301076,1909f56bfc062723c751e8b465ee728b)  -> (artifact id: 'c1aa46688d644385ad19bc081a5c3d71') in 0.013420 seconds
Number of updated asset objects reloaded before import = 0
Number of asset objects unloaded after import = 7
========================================================================
Received Import Request.
  Time since last request: 0.000015 seconds.
  path: Assets/Objects/CyberPunk Objects/Models/SM_Bld_Section_Industrial_02.fbx
  artifactKey: Guid(bafcbeb51e985124cbbef9d2b7065294) Importer(815301076,1909f56bfc062723c751e8b465ee728b)
Start importing Assets/Objects/CyberPunk Objects/Models/SM_Bld_Section_Industrial_02.fbx using Guid(bafcbeb51e985124cbbef9d2b7065294) Importer(815301076,1909f56bfc062723c751e8b465ee728b)  -> (artifact id: 'c4928a578cd537a86bbbf30718fbe8d3') in 0.014314 seconds
Number of updated asset objects reloaded before import = 0
Number of asset objects unloaded after import = 7
========================================================================
Received Import Request.
  Time since last request: 0.000018 seconds.
  path: Assets/Objects/CyberPunk Objects/Models/SM_Bld_Section_Window_03.fbx
  artifactKey: Guid(3f1e4658969461544ba39318fa1a5528) Importer(815301076,1909f56bfc062723c751e8b465ee728b)
Start importing Assets/Objects/CyberPunk Objects/Models/SM_Bld_Section_Window_03.fbx using Guid(3f1e4658969461544ba39318fa1a5528) Importer(815301076,1909f56bfc062723c751e8b465ee728b)  -> (artifact id: 'b86a50fc0b6c6ddb41b24340667da26c') in 0.016996 seconds
Number of updated asset objects reloaded before import = 0
Number of asset objects unloaded after import = 7
========================================================================
Received Import Request.
  Time since last request: 0.000021 seconds.
  path: Assets/Objects/CyberPunk Objects/Models/SM_Bld_Background_Small_01.fbx
  artifactKey: Guid(06a8cf93868c8c949a45d6f03fc23d55) Importer(815301076,1909f56bfc062723c751e8b465ee728b)
Start importing Assets/Objects/CyberPunk Objects/Models/SM_Bld_Background_Small_01.fbx using Guid(06a8cf93868c8c949a45d6f03fc23d55) Importer(815301076,1909f56bfc062723c751e8b465ee728b)  -> (artifact id: 'c356b485af64895607aa719918a7bcce') in 0.015392 seconds
Number of updated asset objects reloaded before import = 0
Number of asset objects unloaded after import = 7
========================================================================
Received Import Request.
  Time since last request: 0.000027 seconds.
  path: Assets/Objects/CyberPunk Objects/Models/SM_Bld_Power_03.fbx
  artifactKey: Guid(a0d6cd3195e31904895f63fba613ef18) Importer(815301076,1909f56bfc062723c751e8b465ee728b)
Start importing Assets/Objects/CyberPunk Objects/Models/SM_Bld_Power_03.fbx using Guid(a0d6cd3195e31904895f63fba613ef18) Importer(815301076,1909f56bfc062723c751e8b465ee728b)  -> (artifact id: 'bcfaadb91cc1e35ff8b29534c11d9434') in 0.014616 seconds
Number of updated asset objects reloaded before import = 0
Number of asset objects unloaded after import = 7
========================================================================
Received Import Request.
  Time since last request: 0.000029 seconds.
  path: Assets/Objects/CyberPunk Objects/Models/SM_Bld_Advanced_02.fbx
  artifactKey: Guid(2131246c19222cc4e8c02a103ead23b6) Importer(815301076,1909f56bfc062723c751e8b465ee728b)
Start importing Assets/Objects/CyberPunk Objects/Models/SM_Bld_Advanced_02.fbx using Guid(2131246c19222cc4e8c02a103ead23b6) Importer(815301076,1909f56bfc062723c751e8b465ee728b)  -> (artifact id: '082e87f8ebb96e3a5d628b0fd30213df') in 0.013787 seconds
Number of updated asset objects reloaded before import = 0
Number of asset objects unloaded after import = 7
========================================================================
Received Import Request.
  Time since last request: 0.000019 seconds.
  path: Assets/Objects/CyberPunk Objects/Models/SM_Bld_Large_01.fbx
  artifactKey: Guid(c855e12241a49d045b86c9c5230c4f03) Importer(815301076,1909f56bfc062723c751e8b465ee728b)
Start importing Assets/Objects/CyberPunk Objects/Models/SM_Bld_Large_01.fbx using Guid(c855e12241a49d045b86c9c5230c4f03) Importer(815301076,1909f56bfc062723c751e8b465ee728b)  -> (artifact id: 'a75d2b84249a9b901b8ca7ba4246cc1f') in 0.013808 seconds
Number of updated asset objects reloaded before import = 0
Number of asset objects unloaded after import = 7
========================================================================
Received Import Request.
  Time since last request: 2.144692 seconds.
  path: Assets/Objects/CyberPunk Objects/Materials/PolygonScifi_01_A_TriPlanar.mat
  artifactKey: Guid(bdfd86bb68e6e72419cbf417c2a6362d) Importer(815301076,1909f56bfc062723c751e8b465ee728b)
Start importing Assets/Objects/CyberPunk Objects/Materials/PolygonScifi_01_A_TriPlanar.mat using Guid(bdfd86bb68e6e72419cbf417c2a6362d) Importer(815301076,1909f56bfc062723c751e8b465ee728b)  -> (artifact id: '9f9bd4bb10c7bc2e04c2e55dd588d2ed') in 0.285609 seconds
Number of updated asset objects reloaded before import = 0
Number of asset objects unloaded after import = 7
========================================================================
Received Import Request.
  Time since last request: 0.000044 seconds.
  path: Assets/Objects/CyberPunk Objects/Materials/PolygonSciFi_Billboards.mat
  artifactKey: Guid(b7c0ed658dd810b449b09808a6339f3c) Importer(815301076,1909f56bfc062723c751e8b465ee728b)
Start importing Assets/Objects/CyberPunk Objects/Materials/PolygonSciFi_Billboards.mat using Guid(b7c0ed658dd810b449b09808a6339f3c) Importer(815301076,1909f56bfc062723c751e8b465ee728b)  -> (artifact id: '175b3cf7592ad30859dca98579190d09') in 0.019183 seconds
Number of updated asset objects reloaded before import = 0
Number of asset objects unloaded after import = 2
========================================================================
Received Import Request.
  Time since last request: 0.000023 seconds.
  path: Assets/Objects/CyberPunk Objects/Materials/Sign.mat
  artifactKey: Guid(e2f0168603ace24468a4624111e25c50) Importer(815301076,1909f56bfc062723c751e8b465ee728b)
Start importing Assets/Objects/CyberPunk Objects/Materials/Sign.mat using Guid(e2f0168603ace24468a4624111e25c50) Importer(815301076,1909f56bfc062723c751e8b465ee728b)  -> (artifact id: '1a57150aba1413390236204454baaa02') in 0.020360 seconds
Number of updated asset objects reloaded before import = 0
Number of asset objects unloaded after import = 2
========================================================================
Received Import Request.
  Time since last request: 1.784133 seconds.
  path: Assets/Objects/CyberPunk Objects/Textures/Circle_Dashes.png
  artifactKey: Guid(ffccefe6fe078884d91a8574bfef2cda) Importer(815301076,1909f56bfc062723c751e8b465ee728b)
Start importing Assets/Objects/CyberPunk Objects/Textures/Circle_Dashes.png using Guid(ffccefe6fe078884d91a8574bfef2cda) Importer(815301076,1909f56bfc062723c751e8b465ee728b)  -> (artifact id: 'b6ea51ff8df469d5a86d8620f59aab3e') in 0.029475 seconds
Number of updated asset objects reloaded before import = 0
Number of asset objects unloaded after import = 2
========================================================================
Received Import Request.
  Time since last request: 0.000013 seconds.
  path: Assets/Objects/CyberPunk Objects/Textures/PolygonScifi_01_A.png
  artifactKey: Guid(db556d465e9f4ab4caffaf339cf5b656) Importer(815301076,1909f56bfc062723c751e8b465ee728b)
Start importing Assets/Objects/CyberPunk Objects/Textures/PolygonScifi_01_A.png using Guid(db556d465e9f4ab4caffaf339cf5b656) Importer(815301076,1909f56bfc062723c751e8b465ee728b)  -> (artifact id: 'fe06e0aecf054e0c3d748e40eedea133') in 0.033141 seconds
Number of updated asset objects reloaded before import = 0
Number of asset objects unloaded after import = 2
========================================================================
Received Import Request.
  Time since last request: 0.000025 seconds.
  path: Assets/Objects/CyberPunk Objects/Textures/LineTex 2.png
  artifactKey: Guid(03a7d169469c1af41bb03241a7b7e23d) Importer(815301076,1909f56bfc062723c751e8b465ee728b)
Start importing Assets/Objects/CyberPunk Objects/Textures/LineTex 2.png using Guid(03a7d169469c1af41bb03241a7b7e23d) Importer(815301076,1909f56bfc062723c751e8b465ee728b)  -> (artifact id: 'd20c045a42e8c3b14cf95fe654e0d76d') in 0.025291 seconds
Number of updated asset objects reloaded before import = 0
Number of asset objects unloaded after import = 2
========================================================================
Received Import Request.
  Time since last request: 0.000023 seconds.
  path: Assets/Objects/CyberPunk Objects/Textures/PolygonScifi_Emissive_04.png
  artifactKey: Guid(6a44ed97f7b057649bc6f755bbd74f25) Importer(815301076,1909f56bfc062723c751e8b465ee728b)
Start importing Assets/Objects/CyberPunk Objects/Textures/PolygonScifi_Emissive_04.png using Guid(6a44ed97f7b057649bc6f755bbd74f25) Importer(815301076,1909f56bfc062723c751e8b465ee728b)  -> (artifact id: 'dcb5a8dee2edc049b814c282442dcf2b') in 0.022579 seconds
Number of updated asset objects reloaded before import = 0
Number of asset objects unloaded after import = 2
========================================================================
Received Import Request.
  Time since last request: 0.000015 seconds.
  path: Assets/Objects/CyberPunk Objects/Textures/PolygonScifi_02_A.png
  artifactKey: Guid(a3654b5dac9722f4e98cd85cb6be8985) Importer(815301076,1909f56bfc062723c751e8b465ee728b)
Start importing Assets/Objects/CyberPunk Objects/Textures/PolygonScifi_02_A.png using Guid(a3654b5dac9722f4e98cd85cb6be8985) Importer(815301076,1909f56bfc062723c751e8b465ee728b)  -> (artifact id: '7f98eca3efb307ecac399049f2d730b2') in 0.024952 seconds
Number of updated asset objects reloaded before import = 0
Number of asset objects unloaded after import = 2
========================================================================
Received Import Request.
  Time since last request: 0.000016 seconds.
  path: Assets/Objects/CyberPunk Objects/Textures/Planet_Texure_01.png
  artifactKey: Guid(e014b5a9de227b9488927bed56bde484) Importer(815301076,1909f56bfc062723c751e8b465ee728b)
Start importing Assets/Objects/CyberPunk Objects/Textures/Planet_Texure_01.png using Guid(e014b5a9de227b9488927bed56bde484) Importer(815301076,1909f56bfc062723c751e8b465ee728b)  -> (artifact id: '16c241a8930512a3e2414ee7b61db780') in 0.032769 seconds
Number of updated asset objects reloaded before import = 0
Number of asset objects unloaded after import = 2
========================================================================
Received Import Request.
  Time since last request: 0.000014 seconds.
  path: Assets/Objects/CyberPunk Objects/Textures/PolygonScifi_Emissive_01.png
  artifactKey: Guid(f31e15c1060870d4196e7875363cbb5d) Importer(815301076,1909f56bfc062723c751e8b465ee728b)
Start importing Assets/Objects/CyberPunk Objects/Textures/PolygonScifi_Emissive_01.png using Guid(f31e15c1060870d4196e7875363cbb5d) Importer(815301076,1909f56bfc062723c751e8b465ee728b)  -> (artifact id: '42bf8082aa1339b2764082046bd0795c') in 0.020323 seconds
Number of updated asset objects reloaded before import = 0
Number of asset objects unloaded after import = 2
========================================================================
Received Import Request.
  Time since last request: 0.000072 seconds.
  path: Assets/Objects/CyberPunk Objects/Textures/LineTex 3.png
  artifactKey: Guid(c3512c25766a40245ac94c6b1722d76e) Importer(815301076,1909f56bfc062723c751e8b465ee728b)
Start importing Assets/Objects/CyberPunk Objects/Textures/LineTex 3.png using Guid(c3512c25766a40245ac94c6b1722d76e) Importer(815301076,1909f56bfc062723c751e8b465ee728b)  -> (artifact id: 'aa6a4e505eee1a0b44999649ad0eaa01') in 0.018530 seconds
Number of updated asset objects reloaded before import = 0
Number of asset objects unloaded after import = 2
========================================================================
Received Import Request.
  Time since last request: 0.000035 seconds.
  path: Assets/Objects/CyberPunk Objects/Textures/PolygonScifi_Emissive_03.png
  artifactKey: Guid(424a0c6a606875f458ef942536696cd1) Importer(815301076,1909f56bfc062723c751e8b465ee728b)
Start importing Assets/Objects/CyberPunk Objects/Textures/PolygonScifi_Emissive_03.png using Guid(424a0c6a606875f458ef942536696cd1) Importer(815301076,1909f56bfc062723c751e8b465ee728b)  -> (artifact id: 'f0792c44e32a414bde8564898b0c41ab') in 0.050188 seconds
Number of updated asset objects reloaded before import = 0
Number of asset objects unloaded after import = 2
========================================================================
Received Prepare
Begin MonoManager ReloadAssembly
Symbol file LoadedFromMemory doesn't match image D:\Game Dev\poly-strike\Poly Strikers\Library\PackageCache\com.unity.visualscripting@1.8.0\Editor\VisualScripting.Core\Dependencies\YamlDotNet\Unity.VisualScripting.YamlDotNet.dll
Symbol file LoadedFromMemory doesn't match image D:\Game Dev\poly-strike\Poly Strikers\Library\PackageCache\com.unity.visualscripting@1.8.0\Editor\VisualScripting.Core\Dependencies\DotNetZip\Unity.VisualScripting.IonicZip.dll
- Loaded All Assemblies, in  0.330 seconds
Refreshing native plugins compatible for Editor in 1.42 ms, found 3 plugins.
Native extension for WindowsStandalone target not found
Mono: successfully reloaded assembly
- Finished resetting the current domain, in  0.601 seconds
Domain Reload Profiling: 931ms
	BeginReloadAssembly (121ms)
		ExecutionOrderSort (0ms)
		DisableScriptedObjects (4ms)
		BackupInstance (0ms)
		ReleaseScriptingObjects (0ms)
		CreateAndSetChildDomain (24ms)
	RebuildCommonClasses (25ms)
	RebuildNativeTypeToScriptingClass (8ms)
	initialDomainReloadingComplete (25ms)
	LoadAllAssembliesAndSetupDomain (150ms)
		LoadAssemblies (208ms)
		RebuildTransferFunctionScriptingTraits (0ms)
		AnalyzeDomain (9ms)
			TypeCache.Refresh (5ms)
				TypeCache.ScanAssembly (0ms)
			ScanForSourceGeneratedMonoScriptInfo (0ms)
			ResolveRequiredComponents (3ms)
	FinalizeReload (604ms)
		ReleaseScriptCaches (0ms)
		RebuildScriptCaches (0ms)
		SetupLoadedEditorAssemblies (308ms)
			LogAssemblyErrors (0ms)
			InitializePlatformSupportModulesInManaged (7ms)
			SetLoadedEditorAssemblies (4ms)
			RefreshPlugins (0ms)
			BeforeProcessingInitializeOnLoad (52ms)
			ProcessInitializeOnLoadAttributes (211ms)
			ProcessInitializeOnLoadMethodAttributes (21ms)
			AfterProcessingInitializeOnLoad (12ms)
			EditorAssembliesLoaded (0ms)
		ExecutionOrderSort2 (0ms)
		AwakeInstancesAfterBackupRestoration (7ms)
Refreshing native plugins compatible for Editor in 1.47 ms, found 3 plugins.
Preloading 0 native plugins for Editor in 0.00 ms.
Unloading 3060 Unused Serialized files (Serialized files now loaded: 0)
Unloading 22 unused Assets / (390.4 KB). Loaded Objects now: 3586.
Memory consumption went from 123.2 MB to 122.8 MB.
Total: 2.375600 ms (FindLiveObjects: 0.172300 ms CreateObjectMapping: 0.080600 ms MarkObjects: 1.965100 ms  DeleteObjects: 0.156800 ms)

Prepare: number of updated asset objects reloaded= 0
AssetImportParameters requested are different than current active one (requested -> active):
  custom:container-demuxer-ogg: 62fdf1f143b41e24485cea50d1cbac27 -> 
  custom:video-decoder-ogg-theora: a1e56fd34408186e4bbccfd4996cb3dc -> 
  custom:framework-win-MediaFoundation: 216162199b28c13a410421893ffa2e32 -> 
  custom:CustomObjectIndexerAttribute: 756ad292c208cfabdd7b50bc23989ffe -> 
  custom:container-demuxer-webm: 4f35f7cbe854078d1ac9338744f61a02 -> 
  custom:container-muxer-webm: aa71ff27fc2769a1b78a27578f13a17b -> 
  custom:video-decoder-webm-vp8: 9c59270c3fd7afecdb556c50c9e8de78 -> 
  custom:SearchIndexIgnoredProperties: e643bd26f0fe6173181afceb89e7c659 -> 
  custom:AudioImporter_EditorPlatform: d09bf68614088b80899f8185d706f6e7 -> 
  custom:video-encoder-webm-vp8: eb34c28f22e8b96e1ab97ce403110664 -> 
  custom:audio-decoder-ogg-vorbis: bf7c407c2cedff20999df2af8eb42d56 -> 
  custom:audio-encoder-webm-vorbis: bf7c407c2cedff20999df2af8eb42d56 -> 
